  glad.c
  imgui_impl_glfw.cpp
  imgui_impl_opengl3.cpp
  imgui.cpp
  imgui_demo.cpp
  imgui_draw.cpp
  imgui_tables.cpp
  imgui_widgets.cpp
  Main.cpp
  Camera.cpp
C:\Users\r3dux\Desktop\GLFW_Basecode_Git\cpp_glfw3_basecode\GLFW3_Framework_2023\src\Camera.cpp(101,27): warning C4244: 'initializing': conversion from 'double' to 'float', possible loss of data
C:\Users\r3dux\Desktop\GLFW_Basecode_Git\cpp_glfw3_basecode\GLFW3_Framework_2023\src\Camera.cpp(102,27): warning C4244: 'initializing': conversion from 'double' to 'float', possible loss of data
  Grid.cpp
  Line.cpp
  Model.cpp
C:\Users\r3dux\Desktop\GLFW_Basecode_Git\cpp_glfw3_basecode\GLFW3_Framework_2023\src\Model.cpp(219,14): warning C4244: 'initializing': conversion from 'double' to 'float', possible loss of data
C:\Users\r3dux\Desktop\GLFW_Basecode_Git\cpp_glfw3_basecode\GLFW3_Framework_2023\src\Model.cpp(222,14): warning C4244: 'initializing': conversion from 'double' to 'float', possible loss of data
C:\Users\r3dux\Desktop\GLFW_Basecode_Git\cpp_glfw3_basecode\GLFW3_Framework_2023\src\Model.cpp(225,14): warning C4244: 'initializing': conversion from 'double' to 'float', possible loss of data
C:\Users\r3dux\Desktop\GLFW_Basecode_Git\cpp_glfw3_basecode\GLFW3_Framework_2023\src\Model.cpp(249,20): warning C4244: 'initializing': conversion from 'double' to 'float', possible loss of data
C:\Users\r3dux\Desktop\GLFW_Basecode_Git\cpp_glfw3_basecode\GLFW3_Framework_2023\src\Model.cpp(252,20): warning C4244: 'initializing': conversion from 'double' to 'float', possible loss of data
C:\Users\r3dux\Desktop\GLFW_Basecode_Git\cpp_glfw3_basecode\GLFW3_Framework_2023\src\Model.cpp(255,20): warning C4244: 'initializing': conversion from 'double' to 'float', possible loss of data
C:\Users\r3dux\Desktop\GLFW_Basecode_Git\cpp_glfw3_basecode\GLFW3_Framework_2023\src\Model.cpp(691,41): warning C4244: '=': conversion from 'T' to 'GLuint', possible loss of data
          with
          [
              T=float
          ]
C:\Users\r3dux\Desktop\GLFW_Basecode_Git\cpp_glfw3_basecode\GLFW3_Framework_2023\src\Model.cpp(692,41): warning C4244: '=': conversion from 'T' to 'GLuint', possible loss of data
          with
          [
              T=float
          ]
C:\Users\r3dux\Desktop\GLFW_Basecode_Git\cpp_glfw3_basecode\GLFW3_Framework_2023\src\Model.cpp(693,41): warning C4244: '=': conversion from 'T' to 'GLuint', possible loss of data
          with
          [
              T=float
          ]
  Point.cpp
  Window.cpp
  Generating Code...
  GLFW3_Framework_2023.vcxproj -> C:\Users\r3dux\Desktop\GLFW_Basecode_Git\cpp_glfw3_basecode\x64\Debug\GLFW3_Framework_2023.exe
  0 File(s) copied
  0 File(s) copied
  0 File(s) copied
