c:\users\r3dux\desktop\glfw3_framework_2023\glfw3_framework_2023\x64\debug\vc143.pdb
c:\users\r3dux\desktop\glfw3_framework_2023\glfw3_framework_2023\x64\debug\vc143.idb
c:\users\r3dux\desktop\glfw3_framework_2023\glfw3_framework_2023\x64\debug\glad.obj
c:\users\r3dux\desktop\glfw3_framework_2023\glfw3_framework_2023\x64\debug\window.obj
c:\users\r3dux\desktop\glfw3_framework_2023\glfw3_framework_2023\x64\debug\point.obj
c:\users\r3dux\desktop\glfw3_framework_2023\glfw3_framework_2023\x64\debug\model.obj
c:\users\r3dux\desktop\glfw3_framework_2023\glfw3_framework_2023\x64\debug\line.obj
c:\users\r3dux\desktop\glfw3_framework_2023\glfw3_framework_2023\x64\debug\grid.obj
c:\users\r3dux\desktop\glfw3_framework_2023\glfw3_framework_2023\x64\debug\camera.obj
c:\users\r3dux\desktop\glfw3_framework_2023\glfw3_framework_2023\x64\debug\imgui_widgets.obj
c:\users\r3dux\desktop\glfw3_framework_2023\glfw3_framework_2023\x64\debug\imgui_tables.obj
c:\users\r3dux\desktop\glfw3_framework_2023\glfw3_framework_2023\x64\debug\imgui_draw.obj
c:\users\r3dux\desktop\glfw3_framework_2023\glfw3_framework_2023\x64\debug\imgui_demo.obj
c:\users\r3dux\desktop\glfw3_framework_2023\glfw3_framework_2023\x64\debug\imgui.obj
c:\users\r3dux\desktop\glfw3_framework_2023\glfw3_framework_2023\x64\debug\imgui_impl_opengl3.obj
c:\users\r3dux\desktop\glfw3_framework_2023\glfw3_framework_2023\x64\debug\imgui_impl_glfw.obj
c:\users\r3dux\desktop\glfw3_framework_2023\glfw3_framework_2023\x64\debug\main.obj
c:\users\r3dux\desktop\glfw_basecode_git\cpp_glfw3_basecode\glfw3_framework_2023\x64\debug\vc143.pdb
c:\users\r3dux\desktop\glfw_basecode_git\cpp_glfw3_basecode\glfw3_framework_2023\x64\debug\vc143.idb
c:\users\r3dux\desktop\glfw_basecode_git\cpp_glfw3_basecode\glfw3_framework_2023\x64\debug\glad.obj
c:\users\r3dux\desktop\glfw_basecode_git\cpp_glfw3_basecode\glfw3_framework_2023\x64\debug\window.obj
c:\users\r3dux\desktop\glfw_basecode_git\cpp_glfw3_basecode\glfw3_framework_2023\x64\debug\point.obj
c:\users\r3dux\desktop\glfw_basecode_git\cpp_glfw3_basecode\glfw3_framework_2023\x64\debug\model.obj
c:\users\r3dux\desktop\glfw_basecode_git\cpp_glfw3_basecode\glfw3_framework_2023\x64\debug\line.obj
c:\users\r3dux\desktop\glfw_basecode_git\cpp_glfw3_basecode\glfw3_framework_2023\x64\debug\grid.obj
c:\users\r3dux\desktop\glfw_basecode_git\cpp_glfw3_basecode\glfw3_framework_2023\x64\debug\camera.obj
c:\users\r3dux\desktop\glfw_basecode_git\cpp_glfw3_basecode\glfw3_framework_2023\x64\debug\main.obj
c:\users\r3dux\desktop\glfw_basecode_git\cpp_glfw3_basecode\glfw3_framework_2023\x64\debug\imgui_widgets.obj
c:\users\r3dux\desktop\glfw_basecode_git\cpp_glfw3_basecode\glfw3_framework_2023\x64\debug\imgui_tables.obj
c:\users\r3dux\desktop\glfw_basecode_git\cpp_glfw3_basecode\glfw3_framework_2023\x64\debug\imgui_draw.obj
c:\users\r3dux\desktop\glfw_basecode_git\cpp_glfw3_basecode\glfw3_framework_2023\x64\debug\imgui_demo.obj
c:\users\r3dux\desktop\glfw_basecode_git\cpp_glfw3_basecode\glfw3_framework_2023\x64\debug\imgui.obj
c:\users\r3dux\desktop\glfw_basecode_git\cpp_glfw3_basecode\glfw3_framework_2023\x64\debug\imgui_impl_opengl3.obj
c:\users\r3dux\desktop\glfw_basecode_git\cpp_glfw3_basecode\glfw3_framework_2023\x64\debug\imgui_impl_glfw.obj
c:\users\r3dux\desktop\glfw3_framework_2023\x64\debug\glfw3_framework_2023.exe
c:\users\r3dux\desktop\glfw3_framework_2023\glfw3_framework_2023\x64\debug\glfw3_framework_2023.ilk
c:\users\r3dux\desktop\glfw3_framework_2023\x64\debug\glfw3_framework_2023.pdb
c:\users\r3dux\desktop\glfw_basecode_git\cpp_glfw3_basecode\x64\debug\glfw3_framework_2023.exe
c:\users\r3dux\desktop\glfw_basecode_git\cpp_glfw3_basecode\glfw3_framework_2023\x64\debug\glfw3_framework_2023.ilk
c:\users\r3dux\desktop\glfw_basecode_git\cpp_glfw3_basecode\x64\debug\glfw3_framework_2023.pdb
c:\users\r3dux\desktop\glfw_basecode_git\cpp_glfw3_basecode\glfw3_framework_2023\x64\debug\glfw3_fr.d558f2e7.tlog\cl.command.1.tlog
c:\users\r3dux\desktop\glfw_basecode_git\cpp_glfw3_basecode\glfw3_framework_2023\x64\debug\glfw3_fr.d558f2e7.tlog\cl.read.1.tlog
c:\users\r3dux\desktop\glfw_basecode_git\cpp_glfw3_basecode\glfw3_framework_2023\x64\debug\glfw3_fr.d558f2e7.tlog\cl.write.1.tlog
c:\users\r3dux\desktop\glfw_basecode_git\cpp_glfw3_basecode\glfw3_framework_2023\x64\debug\glfw3_fr.d558f2e7.tlog\link.command.1.tlog
c:\users\r3dux\desktop\glfw_basecode_git\cpp_glfw3_basecode\glfw3_framework_2023\x64\debug\glfw3_fr.d558f2e7.tlog\link.read.1.tlog
c:\users\r3dux\desktop\glfw_basecode_git\cpp_glfw3_basecode\glfw3_framework_2023\x64\debug\glfw3_fr.d558f2e7.tlog\link.write.1.tlog
